0 info it worked if it ends with ok
1 verbose cli [ '/usr/local/bin/node', '/usr/local/bin/npm', 'publish' ]
2 info using npm@3.7.2
3 info using node@v5.2.0
4 verbose publish [ '.' ]
5 silly cache add args [ '.', null ]
6 verbose cache add spec .
7 silly cache add parsed spec Result {
7 silly cache add   raw: '.',
7 silly cache add   scope: null,
7 silly cache add   name: null,
7 silly cache add   rawSpec: '.',
7 silly cache add   spec: '/Users/christianalfoni/Development/react-simple-flex',
7 silly cache add   type: 'directory' }
8 verbose addLocalDirectory /Users/christianalfoni/.npm/react-simple-flex/0.2.0/package.tgz not in flight; packing
9 verbose correctMkdir /Users/christianalfoni/.npm correctMkdir not in flight; initializing
10 info lifecycle react-simple-flex@0.2.0~prepublish: react-simple-flex@0.2.0
11 verbose lifecycle react-simple-flex@0.2.0~prepublish: unsafe-perm in lifecycle true
12 verbose lifecycle react-simple-flex@0.2.0~prepublish: PATH: /usr/local/lib/node_modules/npm/bin/node-gyp-bin:/Users/christianalfoni/Development/react-simple-flex/node_modules/.bin:/usr/local/bin:/usr/local/go/bin:/usr/local/bin:/usr/bin:/bin:/usr/sbin:/sbin
13 verbose lifecycle react-simple-flex@0.2.0~prepublish: CWD: /Users/christianalfoni/Development/react-simple-flex
14 silly lifecycle react-simple-flex@0.2.0~prepublish: Args: [ '-c', 'npm run build' ]
15 silly lifecycle react-simple-flex@0.2.0~prepublish: Returned: code: 0  signal: null
16 verbose tar pack [ '/Users/christianalfoni/.npm/react-simple-flex/0.2.0/package.tgz',
16 verbose tar pack   '/Users/christianalfoni/Development/react-simple-flex' ]
17 verbose tarball /Users/christianalfoni/.npm/react-simple-flex/0.2.0/package.tgz
18 verbose folder /Users/christianalfoni/Development/react-simple-flex
19 verbose addLocalTarball adding from inside cache /Users/christianalfoni/.npm/react-simple-flex/0.2.0/package.tgz
20 verbose correctMkdir /Users/christianalfoni/.npm correctMkdir not in flight; initializing
21 silly cache afterAdd react-simple-flex@0.2.0
22 verbose afterAdd /Users/christianalfoni/.npm/react-simple-flex/0.2.0/package/package.json not in flight; writing
23 verbose correctMkdir /Users/christianalfoni/.npm correctMkdir not in flight; initializing
24 verbose afterAdd /Users/christianalfoni/.npm/react-simple-flex/0.2.0/package/package.json written
25 silly publish { name: 'react-simple-flex',
25 silly publish   version: '0.2.0',
25 silly publish   description: 'An intuitive abstraction over flexbox',
25 silly publish   main: 'dist/index.js',
25 silly publish   scripts:
25 silly publish    { start: 'webpack-dev-server --content-base build/',
25 silly publish      build: 'webpack --config webpack.build.config.js',
25 silly publish      prepublish: 'npm run build' },
25 silly publish   devDependencies:
25 silly publish    { 'html-webpack-plugin': '1.6.1',
25 silly publish      'webpack-dev-server': '1.14.1',
25 silly publish      webpack: '1.12.13',
25 silly publish      'babel-loader': '6.2.4',
25 silly publish      'babel-preset-es2015': '6.6.0',
25 silly publish      'babel-preset-react': '6.5.0',
25 silly publish      'babel-preset-stage-0': '6.5.0' },
25 silly publish   repository:
25 silly publish    { type: 'git',
25 silly publish      url: 'git+https://github.com/christianalfoni/react-simple-flex.git' },
25 silly publish   keywords: [ 'flexbox', 'flex', 'react' ],
25 silly publish   author: { name: 'Christian Alfoni' },
25 silly publish   license: 'MIT',
25 silly publish   bugs: { url: 'https://github.com/christianalfoni/react-simple-flex/issues' },
25 silly publish   homepage: 'https://github.com/christianalfoni/react-simple-flex#readme',
25 silly publish   readme: '# react-simple-flex\nAn intuitive abstraction over flexbox\n\n**Note** This project is currently in its testing phase!\n\n**DOUBLE NOTE** From version 0.2.0 the API has changed a bit. Just due to experience :)\n\n### Why does this exist?\nFlexbox is awesome, but very hard to grasp. Especially *justifyContent*, *alignItems* and *alignContent* are not really intuitive. And their behaviour changes based on the *flexDirection*. So this little library just creates an intuitive abstraction over flexbox, making layouts super simple.\n\n### What about the support for flexbox?\nOf course Internet Explorer is lagging behind a bit, but yeah, you can use Flexbox: http://caniuse.com/#feat=flexbox. This project no IE11 fixes currently, but please help out with that if you like the lib and need it :)\n\n### Some examples\n```js\nimport Flex from \'react-simple-flex\';\n\nfunction MyComponent() {\n  return (\n    <Flex row align="center center">\n      I am on center of page\n    </Flex>\n  );\n}\n```\n\n```js\nimport Flex from \'react-simple-flex\';\n\nfunction MyComponent() {\n  return (\n    <Flex row>\n      <Flex>I only use the space I need</Flex>\n      <Flex grow>I use as much space as possible</Flex>\n    </Flex>\n  );\n}\n```\n\n```js\nimport Flex from \'react-simple-flex\';\n\nfunction MyComponent() {\n  return (\n    <Flex row>\n      <Flex grow="1">I use half the space of the other one</Flex>\n      <Flex grow="2">I use twice the space as the other one</Flex>\n    </Flex>\n  );\n}\n```\n\n```js\nimport Flex from \'react-simple-flex\';\n\nfunction MyComponent() {\n  return (\n    <Flex column alignVertical="center">\n      <Flex>I am vertically centered</Flex>\n      <Flex alignSelf="center">So am I, but also horizontally centered</Flex>\n    </Flex>\n  );\n}\n```\n\n```js\nimport Flex from \'react-simple-flex\';\n\nfunction MyComponent() {\n  return (\n    <Flex alignHorizontal="center">\n      <Flex>I am horizontally centered</Flex>\n      <Flex>So am I, we become ROW when not defined</Flex>\n    </Flex>\n  );\n}\n```\n\n```js\nimport Flex from \'react-simple-flex\';\n\nfunction MyComponent() {\n  return (\n    <Flex align="center center">\n      <Flex>I am horizontally and vertically centered</Flex>\n      <Flex alignSelf="bottom">So am I, though at the bottom vertically</Flex>\n    </Flex>\n  );\n}\n```\n\n```js\nimport Flex from \'react-simple-flex\';\n\nfunction MyComponent() {\n  return (\n    <Flex column align="center center">\n      <Flex>I am horizontally and vertically centered</Flex>\n      <Flex alignSelf="right">So am I, though to the right horizontally</Flex>\n    </Flex>\n  );\n}\n```\n\n### The API\n\nIt is recommended that you give your app/site some base css:\n\n```css\nhtml, body, #app, #app > * {\n  margin: 0;\n  height: 100%;\n}\n```\n\n**Flex**. By default the Flex container will be a normal container that justifies to any parent Flex containers. It does not grow or affect its children in any way\n\n**row**. Makes the children line up horizontally\n\n**reverseRow**. Reverses the children\n\n**column**. Makes the children line up vertically\n\n**reverseColumn**. Reverses the children\n\n**wrap**. Allows the children to wrap\n\n**reverseWrap**. Reversed wrap\n\n**alignVertical="bottom"**. *Top, center, bottom, space-between and space-around* in *column* mode. The same with the addition of *stretch* in *row* mode\n\n**alignHorizontal="right"**. *Left, center, right, space-between and space-around* in *row* mode. The same with the addition of *stretch* in *column* mode\n\n**align="center center"**. This is just combining *vertical horizontal* values in *column* mode and *horizontal vertical* in *row* mode\n\n**grow**, **grow="2"**. Makes the flex container stretch and take up as much space as possible\n\n**order="1"**. Sets the order of the Flex container, meaning that you can choose by each Flex item in what order to display them\n\n**alignSelf="left"**. Lets the child Flex container to set its own alignment. Supports *left, top, right* and *bottom*\n\n### How it differs from normal flex\n- By default a Flex container does not stretch, you have to use **grow** explicitly. This just creates a more predictable behaviour\n- No more thinking justify, align, content... just **align**, much like a background image position. The library will use the correct properties under the hood\n- It is just a lot less to align... or justify?... in your head\n',
25 silly publish   readmeFilename: 'README.md',
25 silly publish   gitHead: '6975244c7bfd5fe70ed4ab6e6fc325337341b69a',
25 silly publish   _id: 'react-simple-flex@0.2.0',
25 silly publish   _shasum: '78746c65297c920e315a49dedb8dab7cfa790099',
25 silly publish   _from: '.' }
26 verbose getPublishConfig undefined
27 silly mapToRegistry name react-simple-flex
28 silly mapToRegistry using default registry
29 silly mapToRegistry registry https://registry.npmjs.org/
30 silly mapToRegistry uri https://registry.npmjs.org/react-simple-flex
31 verbose publish registryBase https://registry.npmjs.org/
32 silly publish uploading /Users/christianalfoni/.npm/react-simple-flex/0.2.0/package.tgz
33 verbose request uri https://registry.npmjs.org/react-simple-flex
34 verbose request sending authorization for write operation
35 info attempt registry request try #1 at 2:22:01 PM
36 verbose request using bearer token for auth
37 verbose request id 7c00bf1fa0a7843e
38 http request PUT https://registry.npmjs.org/react-simple-flex
39 http 403 https://registry.npmjs.org/react-simple-flex
40 verbose headers { 'content-type': 'application/json',
40 verbose headers   'cache-control': 'max-age=300',
40 verbose headers   'content-length': '95',
40 verbose headers   'accept-ranges': 'bytes',
40 verbose headers   date: 'Wed, 25 May 2016 12:22:06 GMT',
40 verbose headers   via: '1.1 varnish',
40 verbose headers   connection: 'keep-alive',
40 verbose headers   'x-served-by': 'cache-ams4123-AMS',
40 verbose headers   'x-cache': 'MISS',
40 verbose headers   'x-cache-hits': '0',
40 verbose headers   'x-timer': 'S1464178924.749722,VS0,VE1373',
40 verbose headers   vary: 'Accept-Encoding' }
41 verbose request invalidating /Users/christianalfoni/.npm/registry.npmjs.org/react-simple-flex on PUT
42 error publish Failed PUT 403
43 verbose stack Error: "You cannot publish over the previously published version 0.2.0." : react-simple-flex
43 verbose stack     at makeError (/usr/local/lib/node_modules/npm/node_modules/npm-registry-client/lib/request.js:264:12)
43 verbose stack     at CachingRegistryClient.<anonymous> (/usr/local/lib/node_modules/npm/node_modules/npm-registry-client/lib/request.js:252:14)
43 verbose stack     at Request._callback (/usr/local/lib/node_modules/npm/node_modules/npm-registry-client/lib/request.js:172:14)
43 verbose stack     at Request.self.callback (/usr/local/lib/node_modules/npm/node_modules/request/request.js:199:22)
43 verbose stack     at emitTwo (events.js:88:13)
43 verbose stack     at Request.emit (events.js:173:7)
43 verbose stack     at Request.<anonymous> (/usr/local/lib/node_modules/npm/node_modules/request/request.js:1036:10)
43 verbose stack     at emitOne (events.js:83:20)
43 verbose stack     at Request.emit (events.js:170:7)
43 verbose stack     at IncomingMessage.<anonymous> (/usr/local/lib/node_modules/npm/node_modules/request/request.js:963:12)
44 verbose statusCode 403
45 verbose pkgid react-simple-flex
46 verbose cwd /Users/christianalfoni/Development/react-simple-flex
47 error Darwin 15.5.0
48 error argv "/usr/local/bin/node" "/usr/local/bin/npm" "publish"
49 error node v5.2.0
50 error npm  v3.7.2
51 error code E403
52 error "You cannot publish over the previously published version 0.2.0." : react-simple-flex
53 error If you need help, you may report this error at:
53 error     <https://github.com/npm/npm/issues>
54 verbose exit [ 1, true ]
